<?xml version="1.0" encoding="utf-8"?><testsuites name="pytest tests"><testsuite name="pytest" errors="0" failures="0" skipped="0" tests="5" time="1.052" timestamp="2026-04-14T13:50:38.363308+00:00" hostname="agent-env-b01efb2c-e02f-42db-a13c-5748de577f08"><testcase classname="backend.tests.test_api" name="test_api_root" time="0.283" /><testcase classname="backend.tests.test_api" name="test_post_contact" time="0.108" /><testcase classname="backend.tests.test_api" name="test_get_contacts" time="0.101" /><testcase classname="backend.tests.test_api" name="test_post_contact_persisted" time="0.277" /><testcase classname="backend.tests.test_api" name="test_post_contact_missing_fields" time="0.139" /></testsuite></testsuites>